[15:06:58] alt:V Server 12.22 (release)
[15:06:58] Starting Tutorial on 127.0.0.1:7788
[15:06:58] Loading resource chat
[15:06:58] Loaded resource chat
[15:06:58] Loading resource tutorial
[15:07:00] Loaded resource tutorial
[15:07:00] Loading resource m5e34
[15:07:00] Loaded resource m5e34
[15:07:00] Loading resource baznycia
[15:07:00] Loaded resource baznycia
[15:07:00] Required server permissions:
[15:07:00] Optional server permissions:
[15:07:00] Starting HTTP server on 127.0.0.1:7788
[15:07:00] Main thread started (ThreadId: 24100)
[15:07:00] Colshape thread started (ThreadId: 4416)
[15:07:00] EntityStreamer thread started (ThreadId: 23388)
[15:07:00] Sync thread started (ThreadId: 17588)
[15:07:00] Console thread started (ThreadId: 10204)
[15:07:00] Network thread started (ThreadId: 15496)
[15:07:00][Warning] Server started in debug mode
[15:07:06] Stopping resource chat
[15:07:06] Stopped resource chat
[15:07:06] Stopping resource tutorial
